c:\users\进伟\desktop\c++ code for actuator\beam profiler actuator\steppercontrol\x64\debug\steppercontrol.myform.resources
c:\users\进伟\desktop\c++ code for actuator\beam profiler actuator\steppercontrol\x64\debug\beam_profiler_actuator.pch
c:\users\进伟\desktop\c++ code for actuator\beam profiler actuator\steppercontrol\x64\debug\vc141.pdb
c:\users\进伟\desktop\c++ code for actuator\beam profiler actuator\steppercontrol\x64\debug\stdafx.obj
c:\users\进伟\desktop\c++ code for actuator\beam profiler actuator\steppercontrol\x64\debug\mainprogram.obj
c:\users\进伟\desktop\c++ code for actuator\beam profiler actuator\steppercontrol\x64\debug\assemblyinfo.obj
c:\users\进伟\desktop\c++ code for actuator\beam profiler actuator\steppercontrol\x64\debug\polyfit.obj
c:\users\进伟\desktop\c++ code for actuator\beam profiler actuator\steppercontrol\x64\debug\divergence_post_processing.obj
c:\users\进伟\desktop\c++ code for actuator\beam profiler actuator\steppercontrol\x64\debug\vline.obj
c:\users\进伟\desktop\c++ code for actuator\beam profiler actuator\steppercontrol\x64\debug\hline.obj
c:\users\进伟\desktop\c++ code for actuator\beam profiler actuator\steppercontrol\x64\debug\example.obj
c:\users\进伟\desktop\c++ code for actuator\beam profiler actuator\steppercontrol\x64\debug\.netframework,version=v4.6.1.assemblyattributes.obj
c:\users\进伟\desktop\c++ code for actuator\beam profiler actuator\steppercontrol\x64\debug\.netframework,version=v4.6.1.assemblyattributes.asm
c:\users\进伟\desktop\c++ code for actuator\beam profiler actuator\x64\debug\beam_profiler_actuator.exe
c:\users\进伟\desktop\c++ code for actuator\beam profiler actuator\x64\debug\beam_profiler_actuator.pdb
c:\users\进伟\desktop\c++ code for actuator\beam profiler actuator\steppercontrol\x64\debug\app.res
c:\users\进伟\desktop\c++ code for actuator\beam profiler actuator\steppercontrol\x64\debug\steppercontrol.vcxproj.generateresource.cache
c:\users\进伟\desktop\c++ code for actuator\beam profiler actuator\steppercontrol\x64\debug\steppercontrol.vcxprojresolveassemblyreference.cache
c:\users\进伟\desktop\c++ code for actuator\beam profiler actuator\steppercontrol\x64\debug\beam_pro.ff082787.tlog\beam_profiler_actuator.write.1u.tlog
c:\users\进伟\desktop\c++ code for actuator\beam profiler actuator\steppercontrol\x64\debug\beam_pro.ff082787.tlog\cl.command.1.tlog
c:\users\进伟\desktop\c++ code for actuator\beam profiler actuator\steppercontrol\x64\debug\beam_pro.ff082787.tlog\cl.read.1.tlog
c:\users\进伟\desktop\c++ code for actuator\beam profiler actuator\steppercontrol\x64\debug\beam_pro.ff082787.tlog\cl.write.1.tlog
c:\users\进伟\desktop\c++ code for actuator\beam profiler actuator\steppercontrol\x64\debug\beam_pro.ff082787.tlog\link.command.1.tlog
c:\users\进伟\desktop\c++ code for actuator\beam profiler actuator\steppercontrol\x64\debug\beam_pro.ff082787.tlog\link.read.1.tlog
c:\users\进伟\desktop\c++ code for actuator\beam profiler actuator\steppercontrol\x64\debug\beam_pro.ff082787.tlog\link.write.1.tlog
c:\users\进伟\desktop\c++ code for actuator\beam profiler actuator\steppercontrol\x64\debug\beam_pro.ff082787.tlog\metagen.read.1.tlog
c:\users\进伟\desktop\c++ code for actuator\beam profiler actuator\steppercontrol\x64\debug\beam_pro.ff082787.tlog\metagen.write.1.tlog
c:\users\进伟\desktop\c++ code for actuator\beam profiler actuator\steppercontrol\x64\debug\beam_pro.ff082787.tlog\rc.command.1.tlog
c:\users\进伟\desktop\c++ code for actuator\beam profiler actuator\steppercontrol\x64\debug\beam_pro.ff082787.tlog\rc.read.1.tlog
c:\users\进伟\desktop\c++ code for actuator\beam profiler actuator\steppercontrol\x64\debug\beam_pro.ff082787.tlog\rc.write.1.tlog
c:\users\进伟\desktop\c++ code for actuator\beam profiler actuator\steppercontrol\x64\debug\beam_pro.ff082787.tlog\tzres.dll.bi
