m:\documents\xyz_table\code\tester\steppercontrol\steppercontrol\debug\steppercontrol.pch
m:\documents\xyz_table\code\tester\steppercontrol\steppercontrol\debug\vc140.pdb
m:\documents\xyz_table\code\tester\steppercontrol\steppercontrol\debug\stdafx.obj
m:\documents\xyz_table\code\tester\steppercontrol\steppercontrol\debug\assemblyinfo.obj
m:\documents\xyz_table\code\tester\steppercontrol\steppercontrol\debug\utility_imageloadandsave_usb.obj
m:\documents\xyz_table\code\tester\steppercontrol\steppercontrol\debug\mainprogram.obj
m:\documents\xyz_table\code\steppercontrol - sort of working\steppercontrol\debug\steppercontrol.pch
m:\documents\xyz_table\code\steppercontrol - sort of working\steppercontrol\debug\vc140.pdb
m:\documents\xyz_table\code\steppercontrol - sort of working\steppercontrol\debug\stdafx.obj
m:\documents\xyz_table\code\steppercontrol - sort of working\steppercontrol\debug\mainprogram.obj
m:\documents\xyz_table\code\steppercontrol - sort of working\steppercontrol\debug\assemblyinfo.obj
m:\documents\xyz_table\code\steppercontrol - sort of working\steppercontrol\debug\utility_imageloadandsave_usb.obj
m:\documents\xyz_table\code\tester\steppercontrol\steppercontrol\debug\app.res
m:\documents\xyz_table\code\steppercontrol - sort of working\steppercontrol\debug\app.res
m:\documents\xyz_table\code\tester\steppercontrol\debug\steppercontrol.exe
m:\documents\xyz_table\code\tester\steppercontrol\debug\steppercontrol.pdb
m:\documents\xyz_table\code\steppercontrol - sort of working\debug\steppercontrol.exe
m:\documents\xyz_table\code\steppercontrol - sort of working\debug\steppercontrol.pdb
m:\documents\xyz_table\code\steppercontrol - sort of working\steppercontrol\debug\steppercontrol.vcxprojresolveassemblyreference.cache
m:\documents\xyz_table\code\steppercontrol - sort of working\steppercontrol\debug\luminan.obj
m:\documents\xyz_table\code\steppercontrol - sort of working\steppercontrol\debug\.netframework,version=v4.5.2.assemblyattributes.obj
m:\documents\xyz_table\code\steppercontrol - sort of working\steppercontrol\debug\imagestitcher.obj
m:\documents\xyz_table\code\steppercontrol - sort of working\steppercontrol\debug\steppercontrol.tlog\metagen.write.1.tlog
m:\documents\xyz_table\code\steppercontrol - sort of working\steppercontrol\debug\steppercontrol.tlog\cl.read.1.tlog
m:\documents\xyz_table\code\steppercontrol - sort of working\steppercontrol\debug\steppercontrol.tlog\cl.write.1.tlog
m:\documents\xyz_table\code\steppercontrol - sort of working\steppercontrol\debug\steppercontrol.tlog\link.read.1.tlog
m:\documents\xyz_table\code\steppercontrol - sort of working\steppercontrol\debug\steppercontrol.tlog\cl.command.1.tlog
m:\documents\xyz_table\code\steppercontrol - sort of working\steppercontrol\debug\steppercontrol.tlog\metagen.read.1.tlog
m:\documents\xyz_table\code\steppercontrol - sort of working\steppercontrol\debug\steppercontrol.tlog\rc.read.1.tlog
m:\documents\xyz_table\code\steppercontrol - sort of working\steppercontrol\debug\steppercontrol.tlog\rc.write.1.tlog
m:\documents\xyz_table\code\steppercontrol - sort of working\steppercontrol\debug\steppercontrol.tlog\rc.command.1.tlog
m:\documents\xyz_table\code\steppercontrol - sort of working\steppercontrol\debug\steppercontrol.tlog\link.write.1.tlog
m:\documents\xyz_table\code\steppercontrol - sort of working\steppercontrol\debug\steppercontrol.tlog\link.command.1.tlog
m:\documents\xyz_table\code\steppercontrol - sort of working\steppercontrol\debug\steppercontrol.tlog\rsaenh.dll.bi
m:\documents\xyz_table\code\steppercontrol - sort of working\steppercontrol\debug\steppercontrol.tlog\tzres.dll.bi
