c:\users\jinwei\desktop\c++ code for actuator\coding\beam profiler actuator\x64\debug\spiricon.interfaces.consoleservice.dll
c:\users\jinwei\desktop\c++ code for actuator\coding\beam profiler actuator\x64\debug\spiricon.treepattern.dll
c:\users\jinwei\desktop\c++ code for actuator\coding\beam profiler actuator\x64\debug\spiricon.treepattern.interfaces.dll
c:\users\jinwei\desktop\c++ code for actuator\coding\beam profiler actuator\steppercontrol\x64\debug\steppercontrol.guiinterface.resources
c:\users\jinwei\desktop\c++ code for actuator\coding\beam profiler actuator\steppercontrol\x64\debug\steppercontrol.inputbox.resources
c:\users\jinwei\desktop\c++ code for actuator\coding\beam profiler actuator\steppercontrol\x64\debug\beam_profiler_actuator.pch
c:\users\jinwei\desktop\c++ code for actuator\coding\beam profiler actuator\steppercontrol\x64\debug\vc141.pdb
c:\users\jinwei\desktop\c++ code for actuator\coding\beam profiler actuator\steppercontrol\x64\debug\stdafx.obj
c:\users\jinwei\desktop\c++ code for actuator\coding\beam profiler actuator\steppercontrol\x64\debug\mainprogram.obj
c:\users\jinwei\desktop\c++ code for actuator\coding\beam profiler actuator\steppercontrol\x64\debug\ployfit.obj
c:\users\jinwei\desktop\c++ code for actuator\coding\beam profiler actuator\steppercontrol\x64\debug\loggingchecking.obj
c:\users\jinwei\desktop\c++ code for actuator\coding\beam profiler actuator\steppercontrol\x64\debug\assemblyinfo.obj
c:\users\jinwei\desktop\c++ code for actuator\coding\beam profiler actuator\steppercontrol\x64\debug\.netframework,version=v4.6.1.assemblyattributes.obj
c:\users\jinwei\desktop\c++ code for actuator\coding\beam profiler actuator\steppercontrol\x64\debug\.netframework,version=v4.6.1.assemblyattributes.asm
c:\users\jinwei\desktop\c++ code for actuator\coding\beam profiler actuator\x64\debug\beam_profiler_actuator.exe
c:\users\jinwei\desktop\c++ code for actuator\coding\beam profiler actuator\x64\debug\beam_profiler_actuator.pdb
c:\users\jinwei\desktop\c++ code for actuator\coding\beam profiler actuator\steppercontrol\x64\debug\beam_pro.ff082787.tlog\metagen.write.1.tlog
c:\users\jinwei\desktop\c++ code for actuator\coding\beam profiler actuator\steppercontrol\x64\debug\app.res
c:\users\jinwei\desktop\c++ code for actuator\coding\beam profiler actuator\steppercontrol\x64\debug\steppercontrol.vcxproj.generateresource.cache
c:\users\jinwei\desktop\c++ code for actuator\coding\beam profiler actuator\steppercontrol\x64\debug\beam_pro.ff082787.tlog\beam_profiler_actuator.write.1u.tlog
c:\users\jinwei\desktop\c++ code for actuator\coding\beam profiler actuator\steppercontrol\x64\debug\beam_pro.ff082787.tlog\cl.command.1.tlog
c:\users\jinwei\desktop\c++ code for actuator\coding\beam profiler actuator\steppercontrol\x64\debug\beam_pro.ff082787.tlog\cl.read.1.tlog
c:\users\jinwei\desktop\c++ code for actuator\coding\beam profiler actuator\steppercontrol\x64\debug\beam_pro.ff082787.tlog\cl.write.1.tlog
c:\users\jinwei\desktop\c++ code for actuator\coding\beam profiler actuator\steppercontrol\x64\debug\beam_pro.ff082787.tlog\link.command.1.tlog
c:\users\jinwei\desktop\c++ code for actuator\coding\beam profiler actuator\steppercontrol\x64\debug\beam_pro.ff082787.tlog\link.read.1.tlog
c:\users\jinwei\desktop\c++ code for actuator\coding\beam profiler actuator\steppercontrol\x64\debug\beam_pro.ff082787.tlog\link.write.1.tlog
c:\users\jinwei\desktop\c++ code for actuator\coding\beam profiler actuator\steppercontrol\x64\debug\beam_pro.ff082787.tlog\metagen.read.1.tlog
c:\users\jinwei\desktop\c++ code for actuator\coding\beam profiler actuator\steppercontrol\x64\debug\beam_pro.ff082787.tlog\rc.command.1.tlog
c:\users\jinwei\desktop\c++ code for actuator\coding\beam profiler actuator\steppercontrol\x64\debug\beam_pro.ff082787.tlog\rc.read.1.tlog
c:\users\jinwei\desktop\c++ code for actuator\coding\beam profiler actuator\steppercontrol\x64\debug\beam_pro.ff082787.tlog\rc.write.1.tlog
c:\users\jinwei\desktop\c++ code for actuator\coding\beam profiler actuator\steppercontrol\x64\debug\beam_pro.ff082787.tlog\spiricon.interfaces.consoleservice.dll.metagen
c:\users\jinwei\desktop\c++ code for actuator\coding\beam profiler actuator\steppercontrol\x64\debug\beam_pro.ff082787.tlog\spiricon.treepattern.dll.metagen
c:\users\jinwei\desktop\c++ code for actuator\coding\beam profiler actuator\steppercontrol\x64\debug\beam_pro.ff082787.tlog\tzres.dll.bi
